{
  "stats": {
    "suites": 12,
    "tests": 41,
    "passes": 18,
    "pending": 0,
    "failures": 23,
    "start": "2021-06-02T15:00:49.336Z",
    "end": "2021-06-02T15:03:39.650Z",
    "duration": 170314,
    "testsRegistered": 41,
    "passPercent": 43.90243902439025,
    "pendingPercent": 0,
    "other": 0,
    "hasOther": false,
    "skipped": 0,
    "hasSkipped": false
  },
  "results": [
    {
      "uuid": "5d7ab82b-e8bc-4e5b-a7dc-a69fe383e8db",
      "title": "",
      "fullFile": "cypress/integration/project.spec.js",
      "file": "cypress/integration/project.spec.js",
      "beforeHooks": [],
      "afterHooks": [],
      "tests": [],
      "suites": [
        {
          "uuid": "0efe4138-1e57-4eb9-9ef1-622b28477c0b",
          "title": "1 - Adicione à página o título \"Paleta de Cores\".",
          "fullFile": "",
          "file": "",
          "beforeHooks": [],
          "afterHooks": [],
          "tests": [
            {
              "title": "Verifica se contém um elemento `h1` com o id `title` com o título correto",
              "fullTitle": "1 - Adicione à página o título \"Paleta de Cores\". Verifica se contém um elemento `h1` com o id `title` com o título correto",
              "timedOut": null,
              "duration": 1029,
              "state": "passed",
              "speed": "slow",
              "pass": true,
              "fail": false,
              "pending": false,
              "context": null,
              "code": "cy.get('h1#title').should('contain.text', 'Paleta de Cores');",
              "err": {},
              "uuid": "66046f92-0392-4b98-be30-d8da119f6ea8",
              "parentUUID": "0efe4138-1e57-4eb9-9ef1-622b28477c0b",
              "isHook": false,
              "skipped": false
            }
          ],
          "suites": [],
          "passes": [
            "66046f92-0392-4b98-be30-d8da119f6ea8"
          ],
          "failures": [],
          "pending": [],
          "skipped": [],
          "duration": 1029,
          "root": false,
          "rootEmpty": false,
          "_timeout": 2000
        },
        {
          "uuid": "9bf88661-3ce5-44cc-81bd-935c9cf97b5e",
          "title": "2 - Adicione à página uma paleta de quatro cores distintas.",
          "fullFile": "",
          "file": "",
          "beforeHooks": [],
          "afterHooks": [],
          "tests": [
            {
              "title": "A paleta de cores deve ser um elemento com `id` denominado `color-palette`",
              "fullTitle": "2 - Adicione à página uma paleta de quatro cores distintas. A paleta de cores deve ser um elemento com `id` denominado `color-palette`",
              "timedOut": null,
              "duration": 841,
              "state": "passed",
              "speed": "slow",
              "pass": true,
              "fail": false,
              "pending": false,
              "context": null,
              "code": "cy.get('#color-palette').should('be.visible');",
              "err": {},
              "uuid": "720f3e08-884e-4fdd-9e13-d01c57892f6c",
              "parentUUID": "9bf88661-3ce5-44cc-81bd-935c9cf97b5e",
              "isHook": false,
              "skipped": false
            },
            {
              "title": "Verifica se cada cor individual da paleta de cores possui a `classe` chamada `color`.",
              "fullTitle": "2 - Adicione à página uma paleta de quatro cores distintas. Verifica se cada cor individual da paleta de cores possui a `classe` chamada `color`.",
              "timedOut": null,
              "duration": 779,
              "state": "passed",
              "speed": "slow",
              "pass": true,
              "fail": false,
              "pending": false,
              "context": null,
              "code": "cy.get('.color').should('have.length', 4).then(function (colors) {\n  for (var i = 0; i < colors.length; i++) {\n    cy.wrap(colors[i]).should('be.visible');\n  }\n});",
              "err": {},
              "uuid": "6bd4a23b-674d-4d88-a85c-f02c97b7c021",
              "parentUUID": "9bf88661-3ce5-44cc-81bd-935c9cf97b5e",
              "isHook": false,
              "skipped": false
            },
            {
              "title": "Verifica se a cor de fundo de cada elemento da paleta é a cor que o elemento representa. **A única cor não permitida na paleta é a cor branca.**",
              "fullTitle": "2 - Adicione à página uma paleta de quatro cores distintas. Verifica se a cor de fundo de cada elemento da paleta é a cor que o elemento representa. **A única cor não permitida na paleta é a cor branca.**",
              "timedOut": null,
              "duration": 512,
              "state": "passed",
              "speed": "slow",
              "pass": true,
              "fail": false,
              "pending": false,
              "context": null,
              "code": "cy.get('.color').each(function (color) {\n  cy.wrap(color).should('have.class', 'color').and('not.have.css', 'background-color', WHITE);\n  cy.wrap(color).should('have.css', 'background-color');\n});",
              "err": {},
              "uuid": "99dfd5b7-3dfe-4a54-b89a-509ab5f7ace9",
              "parentUUID": "9bf88661-3ce5-44cc-81bd-935c9cf97b5e",
              "isHook": false,
              "skipped": false
            },
            {
              "title": "Verifica se cada elemento da paleta de cores tem uma borda preta, sólida e com 1 pixel de largura;",
              "fullTitle": "2 - Adicione à página uma paleta de quatro cores distintas. Verifica se cada elemento da paleta de cores tem uma borda preta, sólida e com 1 pixel de largura;",
              "timedOut": null,
              "duration": 462,
              "state": "passed",
              "speed": "slow",
              "pass": true,
              "fail": false,
              "pending": false,
              "context": null,
              "code": "cy.get('.color').each(function (color) {\n  cy.wrap(color).and('have.css', 'border', \"1px solid \".concat(BLACK)).and('have.class', 'color');\n});",
              "err": {},
              "uuid": "1cb1d038-f9bc-44ab-8ca0-e6bc8d657c38",
              "parentUUID": "9bf88661-3ce5-44cc-81bd-935c9cf97b5e",
              "isHook": false,
              "skipped": false
            },
            {
              "title": "Verifica se a paleta lista todas as cores disponíveis para utilização, lado a lado.",
              "fullTitle": "2 - Adicione à página uma paleta de quatro cores distintas. Verifica se a paleta lista todas as cores disponíveis para utilização, lado a lado.",
              "timedOut": null,
              "duration": 507,
              "state": "passed",
              "speed": "slow",
              "pass": true,
              "fail": false,
              "pending": false,
              "context": null,
              "code": "cy.get('.color').then(function (colors) {\n  for (var index = 1; index < colors.length; index += 1) {\n    var currentColor = colors[index];\n    var previousColor = colors[index - 1];\n    cy.wrap(currentColor).should('be.onTheRightOf', previousColor).and('be.horizontallyAlignedWith', previousColor);\n  }\n});",
              "err": {},
              "uuid": "39707d19-760a-4108-8a0c-28788eff6244",
              "parentUUID": "9bf88661-3ce5-44cc-81bd-935c9cf97b5e",
              "isHook": false,
              "skipped": false
            },
            {
              "title": "Verifica se a paleta de cores está posicionada abaixo do título 'Paleta de Cores'",
              "fullTitle": "2 - Adicione à página uma paleta de quatro cores distintas. Verifica se a paleta de cores está posicionada abaixo do título 'Paleta de Cores'",
              "timedOut": null,
              "duration": 511,
              "state": "passed",
              "speed": "slow",
              "pass": true,
              "fail": false,
              "pending": false,
              "context": null,
              "code": "cy.get('h1#title').then(function (title) {\n  cy.get('#color-palette').should('be.belowOf', title);\n});",
              "err": {},
              "uuid": "5d490e9f-3e4d-4ee1-97e6-1f9b7e74ebb4",
              "parentUUID": "9bf88661-3ce5-44cc-81bd-935c9cf97b5e",
              "isHook": false,
              "skipped": false
            },
            {
              "title": "Verifica se a paleta de cores não contém cores repetidas.",
              "fullTitle": "2 - Adicione à página uma paleta de quatro cores distintas. Verifica se a paleta de cores não contém cores repetidas.",
              "timedOut": null,
              "duration": 342,
              "state": "passed",
              "speed": "slow",
              "pass": true,
              "fail": false,
              "pending": false,
              "context": null,
              "code": "cy.get('.color').then(function (colors) {\n  var allColors = Array.from(colors).map(function (color) {\n    return Cypress.$(color).css('background-color');\n  });\n  cy.log(allColors);\n  var uniqColors = (0, _toConsumableArray2[\"default\"])(new Set(allColors));\n  cy.log(uniqColors);\n  expect(allColors.length).to.eq(uniqColors.length);\n});",
              "err": {},
              "uuid": "ddd5ce6a-b761-4a57-82bc-491fa2529b64",
              "parentUUID": "9bf88661-3ce5-44cc-81bd-935c9cf97b5e",
              "isHook": false,
              "skipped": false
            }
          ],
          "suites": [],
          "passes": [
            "720f3e08-884e-4fdd-9e13-d01c57892f6c",
            "6bd4a23b-674d-4d88-a85c-f02c97b7c021",
            "99dfd5b7-3dfe-4a54-b89a-509ab5f7ace9",
            "1cb1d038-f9bc-44ab-8ca0-e6bc8d657c38",
            "39707d19-760a-4108-8a0c-28788eff6244",
            "5d490e9f-3e4d-4ee1-97e6-1f9b7e74ebb4",
            "ddd5ce6a-b761-4a57-82bc-491fa2529b64"
          ],
          "failures": [],
          "pending": [],
          "skipped": [],
          "duration": 3954,
          "root": false,
          "rootEmpty": false,
          "_timeout": 2000
        },
        {
          "uuid": "f93b2f69-cc77-4928-bccb-bd8e2f50e8f5",
          "title": "3 - Adicione a cor **preta** como a primeira cor da paleta de cores.",
          "fullFile": "",
          "file": "",
          "beforeHooks": [],
          "afterHooks": [],
          "tests": [
            {
              "title": "Verifica se a primeira cor da paleta é preta",
              "fullTitle": "3 - Adicione a cor **preta** como a primeira cor da paleta de cores. Verifica se a primeira cor da paleta é preta",
              "timedOut": null,
              "duration": 435,
              "state": "passed",
              "speed": "slow",
              "pass": true,
              "fail": false,
              "pending": false,
              "context": null,
              "code": "cy.get('.color').first().should('have.css', 'background-color', BLACK);",
              "err": {},
              "uuid": "8db99136-bb49-4bf3-8104-f51f9f7ba225",
              "parentUUID": "f93b2f69-cc77-4928-bccb-bd8e2f50e8f5",
              "isHook": false,
              "skipped": false
            },
            {
              "title": "Verifica se as demais cores podem ser escolhidas livremente.",
              "fullTitle": "3 - Adicione a cor **preta** como a primeira cor da paleta de cores. Verifica se as demais cores podem ser escolhidas livremente.",
              "timedOut": null,
              "duration": 681,
              "state": "passed",
              "speed": "slow",
              "pass": true,
              "fail": false,
              "pending": false,
              "context": null,
              "code": "cy.get('.color').eq(1).should('not.have.css', 'background-color', BLACK);\ncy.get('.color').eq(1).should('not.have.css', 'background-color', WHITE);\ncy.get('.color').eq(1).should('not.have.css', 'background-color', 'rgba(0, 0, 0, 0)');\ncy.get('.color').eq(1).should('have.css', 'background-color');\ncy.get('.color').eq(2).should('not.have.css', 'background-color', BLACK);\ncy.get('.color').eq(2).should('not.have.css', 'background-color', WHITE);\ncy.get('.color').eq(2).should('not.have.css', 'background-color', 'rgba(0, 0, 0, 0)');\ncy.get('.color').eq(2).should('have.css', 'background-color');\ncy.get('.color').eq(3).should('not.have.css', 'background-color', BLACK);\ncy.get('.color').eq(3).should('not.have.css', 'background-color', WHITE);\ncy.get('.color').eq(3).should('not.have.css', 'background-color', 'rgba(0, 0, 0, 0)');\ncy.get('.color').eq(3).should('have.css', 'background-color');",
              "err": {},
              "uuid": "f9dfd754-d046-4ed1-848f-8c5f4b25c105",
              "parentUUID": "f93b2f69-cc77-4928-bccb-bd8e2f50e8f5",
              "isHook": false,
              "skipped": false
            }
          ],
          "suites": [],
          "passes": [
            "8db99136-bb49-4bf3-8104-f51f9f7ba225",
            "f9dfd754-d046-4ed1-848f-8c5f4b25c105"
          ],
          "failures": [],
          "pending": [],
          "skipped": [],
          "duration": 1116,
          "root": false,
          "rootEmpty": false,
          "_timeout": 2000
        },
        {
          "uuid": "ceec796f-3e7f-4702-9bbc-8811d89c10a2",
          "title": "4 - Adicione à página um quadro de pixels, com 25 pixels.",
          "fullFile": "",
          "file": "",
          "beforeHooks": [],
          "afterHooks": [],
          "tests": [
            {
              "title": "Verifica se o quadro de pixels possui o `id` denominado `pixel-board`",
              "fullTitle": "4 - Adicione à página um quadro de pixels, com 25 pixels. Verifica se o quadro de pixels possui o `id` denominado `pixel-board`",
              "timedOut": null,
              "duration": 514,
              "state": "passed",
              "speed": "slow",
              "pass": true,
              "fail": false,
              "pending": false,
              "context": null,
              "code": "cy.get('#pixel-board').should('be.visible');",
              "err": {},
              "uuid": "b2823b33-9a01-40eb-8e42-fcdde02f3bd9",
              "parentUUID": "ceec796f-3e7f-4702-9bbc-8811d89c10a2",
              "isHook": false,
              "skipped": false
            },
            {
              "title": "Verifica se cada pixel individual dentro do quadro possui a `classe` denominada `pixel`.",
              "fullTitle": "4 - Adicione à página um quadro de pixels, com 25 pixels. Verifica se cada pixel individual dentro do quadro possui a `classe` denominada `pixel`.",
              "timedOut": null,
              "duration": 612,
              "state": "passed",
              "speed": "slow",
              "pass": true,
              "fail": false,
              "pending": false,
              "context": null,
              "code": "cy.get('.pixel').should('have.length', 25);",
              "err": {},
              "uuid": "cef1c45b-336e-463a-840e-20687227c112",
              "parentUUID": "ceec796f-3e7f-4702-9bbc-8811d89c10a2",
              "isHook": false,
              "skipped": false
            },
            {
              "title": "Verifica se a cor inicial dos pixels dentro do quadro, ao abrir a página, é branca.",
              "fullTitle": "4 - Adicione à página um quadro de pixels, com 25 pixels. Verifica se a cor inicial dos pixels dentro do quadro, ao abrir a página, é branca.",
              "timedOut": null,
              "duration": 1051,
              "state": "failed",
              "speed": null,
              "pass": false,
              "fail": true,
              "pending": false,
              "context": null,
              "code": "cy.get('.pixel').should('have.length', 25).each(function (pixel) {\n  expect(pixel).to.have.css('background-color', WHITE);\n});",
              "err": {
                "message": "AssertionError: expected '<td#test.pixel>' to have CSS property 'background-color' with the value 'rgb(255, 255, 255)', but the value was 'rgba(0, 0, 0, 0)'",
                "estack": "AssertionError: expected '<td#test.pixel>' to have CSS property 'background-color' with the value 'rgb(255, 255, 255)', but the value was 'rgba(0, 0, 0, 0)'\n    at callback (http://localhost:39735/__cypress/runner/cypress_runner.js:136947:20)\n    at getRet (http://localhost:39735/__cypress/runner/cypress_runner.js:136585:16)\n    at tryCatcher (http://localhost:39735/__cypress/runner/cypress_runner.js:167415:23)\n    at Function.Promise.attempt.Promise.try (http://localhost:39735/__cypress/runner/cypress_runner.js:164690:29)\n    at thenFn (http://localhost:39735/__cypress/runner/cypress_runner.js:136599:23)\n    at yieldItem (http://localhost:39735/__cypress/runner/cypress_runner.js:136954:16)\n    at tryCatcher (http://localhost:39735/__cypress/runner/cypress_runner.js:167415:23)\n    at Object.gotValue (http://localhost:39735/__cypress/runner/cypress_runner.js:166557:18)\n    at Object.gotAccum (http://localhost:39735/__cypress/runner/cypress_runner.js:166546:25)\n    at Object.tryCatcher (http://localhost:39735/__cypress/runner/cypress_runner.js:167415:23)\n    at Promise._settlePromiseFromHandler (http://localhost:39735/__cypress/runner/cypress_runner.js:165351:31)\n    at Promise._settlePromise (http://localhost:39735/__cypress/runner/cypress_runner.js:165408:18)\n    at Promise._settlePromiseCtx (http://localhost:39735/__cypress/runner/cypress_runner.js:165445:10)\n    at Async../node_modules/bluebird/js/release/async.js.Async._drainQueue (http://localhost:39735/__cypress/runner/cypress_runner.js:162145:12)\n    at Async../node_modules/bluebird/js/release/async.js.Async._drainQueues (http://localhost:39735/__cypress/runner/cypress_runner.js:162150:10)\n    at Async.drainQueues (http://localhost:39735/__cypress/runner/cypress_runner.js:162024:14)",
                "diff": "- 'rgba(0, 0, 0, 0)'\n+ 'rgb(255, 255, 255)'\n"
              },
              "uuid": "361f4808-8b53-414c-85fe-89ea4e3b13f4",
              "parentUUID": "ceec796f-3e7f-4702-9bbc-8811d89c10a2",
              "isHook": false,
              "skipped": false
            },
            {
              "title": "Verifica se o quadro de pixels aparece abaixo da paleta de cores",
              "fullTitle": "4 - Adicione à página um quadro de pixels, com 25 pixels. Verifica se o quadro de pixels aparece abaixo da paleta de cores",
              "timedOut": null,
              "duration": 779,
              "state": "passed",
              "speed": "slow",
              "pass": true,
              "fail": false,
              "pending": false,
              "context": null,
              "code": "cy.get('#color-palette').then(function (palette) {\n  cy.get('#pixel-board').should('be.belowOf', palette);\n});",
              "err": {},
              "uuid": "404777dc-3623-4c00-b978-08d3d3b931ae",
              "parentUUID": "ceec796f-3e7f-4702-9bbc-8811d89c10a2",
              "isHook": false,
              "skipped": false
            }
          ],
          "suites": [],
          "passes": [
            "b2823b33-9a01-40eb-8e42-fcdde02f3bd9",
            "cef1c45b-336e-463a-840e-20687227c112",
            "404777dc-3623-4c00-b978-08d3d3b931ae"
          ],
          "failures": [
            "361f4808-8b53-414c-85fe-89ea4e3b13f4"
          ],
          "pending": [],
          "skipped": [],
          "duration": 2956,
          "root": false,
          "rootEmpty": false,
          "_timeout": 2000
        },
        {
          "uuid": "514eb1e3-cd06-45f6-897a-5551c7387281",
          "title": "5 - Faça com que cada elemento do quadro de pixels possua 40 pixels de largura, 40 pixels de altura e seja delimitado por uma borda preta de 1 pixel.",
          "fullFile": "",
          "file": "",
          "beforeHooks": [],
          "afterHooks": [],
          "tests": [
            {
              "title": "Verifica se o quadro de pixels tem altura e comprimento de 5 elementos",
              "fullTitle": "5 - Faça com que cada elemento do quadro de pixels possua 40 pixels de largura, 40 pixels de altura e seja delimitado por uma borda preta de 1 pixel. Verifica se o quadro de pixels tem altura e comprimento de 5 elementos",
              "timedOut": null,
              "duration": 1265,
              "state": "failed",
              "speed": null,
              "pass": false,
              "fail": true,
              "pending": false,
              "context": null,
              "code": "cy.get('.pixel').should('have.length', 25).each(function (pixel) {\n  expect(pixel).to.have.css('background-color', WHITE);\n}).and(function (pixels) {\n  var rows = chunk(pixels, 5);\n  rows.forEach(function (row) {\n    for (var index = 1; index < row.length; index += 1) {\n      var current = pixels[index];\n      var previous = pixels[index - 1];\n      cy.wrap(current).should('be.onTheRightOf', previous).and('be.horizontallyAlignedWith', previous);\n    }\n  });\n  for (var index = 1; index < 5; index += 1) {\n    expect(pixels[index * 5]).to.be.belowOf(pixels[(index - 1) * 5]);\n  }\n});",
              "err": {
                "message": "AssertionError: expected '<td#test.pixel>' to have CSS property 'background-color' with the value 'rgb(255, 255, 255)', but the value was 'rgba(0, 0, 0, 0)'",
                "estack": "AssertionError: expected '<td#test.pixel>' to have CSS property 'background-color' with the value 'rgb(255, 255, 255)', but the value was 'rgba(0, 0, 0, 0)'\n    at callback (http://localhost:39735/__cypress/runner/cypress_runner.js:136947:20)\n    at getRet (http://localhost:39735/__cypress/runner/cypress_runner.js:136585:16)\n    at tryCatcher (http://localhost:39735/__cypress/runner/cypress_runner.js:167415:23)\n    at Function.Promise.attempt.Promise.try (http://localhost:39735/__cypress/runner/cypress_runner.js:164690:29)\n    at thenFn (http://localhost:39735/__cypress/runner/cypress_runner.js:136599:23)\n    at yieldItem (http://localhost:39735/__cypress/runner/cypress_runner.js:136954:16)\n    at tryCatcher (http://localhost:39735/__cypress/runner/cypress_runner.js:167415:23)\n    at Object.gotValue (http://localhost:39735/__cypress/runner/cypress_runner.js:166557:18)\n    at Object.gotAccum (http://localhost:39735/__cypress/runner/cypress_runner.js:166546:25)\n    at Object.tryCatcher (http://localhost:39735/__cypress/runner/cypress_runner.js:167415:23)\n    at Promise._settlePromiseFromHandler (http://localhost:39735/__cypress/runner/cypress_runner.js:165351:31)\n    at Promise._settlePromise (http://localhost:39735/__cypress/runner/cypress_runner.js:165408:18)\n    at Promise._settlePromiseCtx (http://localhost:39735/__cypress/runner/cypress_runner.js:165445:10)\n    at Async../node_modules/bluebird/js/release/async.js.Async._drainQueue (http://localhost:39735/__cypress/runner/cypress_runner.js:162145:12)\n    at Async../node_modules/bluebird/js/release/async.js.Async._drainQueues (http://localhost:39735/__cypress/runner/cypress_runner.js:162150:10)\n    at Async.drainQueues (http://localhost:39735/__cypress/runner/cypress_runner.js:162024:14)",
                "diff": "- 'rgba(0, 0, 0, 0)'\n+ 'rgb(255, 255, 255)'\n"
              },
              "uuid": "dfeac1fe-576d-4bd7-a16a-f497e1ea5ac2",
              "parentUUID": "514eb1e3-cd06-45f6-897a-5551c7387281",
              "isHook": false,
              "skipped": false
            },
            {
              "title": "Verifica se 40 pixels é o tamanho total do elemento, incluindo seu conteúdo e excluindo a borda preta, que deve ser criada à parte.",
              "fullTitle": "5 - Faça com que cada elemento do quadro de pixels possua 40 pixels de largura, 40 pixels de altura e seja delimitado por uma borda preta de 1 pixel. Verifica se 40 pixels é o tamanho total do elemento, incluindo seu conteúdo e excluindo a borda preta, que deve ser criada à parte.",
              "timedOut": null,
              "duration": 5241,
              "state": "failed",
              "speed": null,
              "pass": false,
              "fail": true,
              "pending": false,
              "context": null,
              "code": "cy.get('.pixel').each(function (pixel) {\n  cy.wrap(pixel).should('have.css', 'height', '40px').and('have.css', 'width', '40px').and('have.css', 'border', \"1px solid \".concat(BLACK));\n});",
              "err": {
                "message": "CypressError: Timed out retrying: expected '<td#test.pixel>' to have CSS property 'height' with the value '40px', but the value was '39px'",
                "estack": "CypressError: Timed out retrying: expected '<td#test.pixel>' to have CSS property 'height' with the value '40px', but the value was '39px'\n    at cypressErr (http://localhost:39735/__cypress/runner/cypress_runner.js:149934:9)\n    at throwErr (http://localhost:39735/__cypress/runner/cypress_runner.js:149867:11)\n    at Object.throwErrByPath (http://localhost:39735/__cypress/runner/cypress_runner.js:149915:3)\n    at retry (http://localhost:39735/__cypress/runner/cypress_runner.js:144197:19)\n    at onFailFn (http://localhost:39735/__cypress/runner/cypress_runner.js:132448:16)\n    at tryCatcher (http://localhost:39735/__cypress/runner/cypress_runner.js:167415:23)\n    at Promise._settlePromiseFromHandler (http://localhost:39735/__cypress/runner/cypress_runner.js:165351:31)\n    at Promise._settlePromise (http://localhost:39735/__cypress/runner/cypress_runner.js:165408:18)\n    at Promise._settlePromise0 (http://localhost:39735/__cypress/runner/cypress_runner.js:165453:10)\n    at Promise._settlePromises (http://localhost:39735/__cypress/runner/cypress_runner.js:165528:18)\n    at Async../node_modules/bluebird/js/release/async.js.Async._drainQueue (http://localhost:39735/__cypress/runner/cypress_runner.js:162140:16)\n    at Async../node_modules/bluebird/js/release/async.js.Async._drainQueues (http://localhost:39735/__cypress/runner/cypress_runner.js:162150:10)\n    at Async.drainQueues (http://localhost:39735/__cypress/runner/cypress_runner.js:162024:14)",
                "diff": null
              },
              "uuid": "e3c28fec-0eef-41c2-b55e-56e446060f26",
              "parentUUID": "514eb1e3-cd06-45f6-897a-5551c7387281",
              "isHook": false,
              "skipped": false
            }
          ],
          "suites": [],
          "passes": [],
          "failures": [
            "dfeac1fe-576d-4bd7-a16a-f497e1ea5ac2",
            "e3c28fec-0eef-41c2-b55e-56e446060f26"
          ],
          "pending": [],
          "skipped": [],
          "duration": 6506,
          "root": false,
          "rootEmpty": false,
          "_timeout": 2000
        },
        {
          "uuid": "8cfb41c3-6b29-49c7-94db-89c4cedce217",
          "title": "6 - Defina a cor preta como cor inicial. Ao carregar a página a cor preta já deve estar selecionada para pintar os pixels",
          "fullFile": "",
          "file": "",
          "beforeHooks": [],
          "afterHooks": [],
          "tests": [
            {
              "title": "Verifica se o elemento da cor preta possui, inicialmente, a `classe` `selected`",
              "fullTitle": "6 - Defina a cor preta como cor inicial. Ao carregar a página a cor preta já deve estar selecionada para pintar os pixels Verifica se o elemento da cor preta possui, inicialmente, a `classe` `selected`",
              "timedOut": null,
              "duration": 5586,
              "state": "failed",
              "speed": null,
              "pass": false,
              "fail": true,
              "pending": false,
              "context": null,
              "code": "cy.get('.selected').first().should('have.css', 'background-color', BLACK);",
              "err": {
                "message": "CypressError: Timed out retrying: Expected to find element: '.selected', but never found it.",
                "estack": "CypressError: Timed out retrying: Expected to find element: '.selected', but never found it.\n    at cypressErr (http://localhost:39735/__cypress/runner/cypress_runner.js:149934:9)\n    at throwErr (http://localhost:39735/__cypress/runner/cypress_runner.js:149867:11)\n    at Object.throwErrByPath (http://localhost:39735/__cypress/runner/cypress_runner.js:149915:3)\n    at retry (http://localhost:39735/__cypress/runner/cypress_runner.js:144197:19)\n    at onFailFn (http://localhost:39735/__cypress/runner/cypress_runner.js:132448:16)\n    at tryCatcher (http://localhost:39735/__cypress/runner/cypress_runner.js:167415:23)\n    at Promise._settlePromiseFromHandler (http://localhost:39735/__cypress/runner/cypress_runner.js:165351:31)\n    at Promise._settlePromise (http://localhost:39735/__cypress/runner/cypress_runner.js:165408:18)\n    at Promise._settlePromise0 (http://localhost:39735/__cypress/runner/cypress_runner.js:165453:10)\n    at Promise._settlePromises (http://localhost:39735/__cypress/runner/cypress_runner.js:165528:18)\n    at Async../node_modules/bluebird/js/release/async.js.Async._drainQueue (http://localhost:39735/__cypress/runner/cypress_runner.js:162140:16)\n    at Async../node_modules/bluebird/js/release/async.js.Async._drainQueues (http://localhost:39735/__cypress/runner/cypress_runner.js:162150:10)\n    at Async.drainQueues (http://localhost:39735/__cypress/runner/cypress_runner.js:162024:14)",
                "diff": null
              },
              "uuid": "c24b0366-0728-4940-84a6-ac9ef34d9d4b",
              "parentUUID": "8cfb41c3-6b29-49c7-94db-89c4cedce217",
              "isHook": false,
              "skipped": false
            },
            {
              "title": "Verifica se nenhuma outra cor da paleta tem a `classe` `selected`",
              "fullTitle": "6 - Defina a cor preta como cor inicial. Ao carregar a página a cor preta já deve estar selecionada para pintar os pixels Verifica se nenhuma outra cor da paleta tem a `classe` `selected`",
              "timedOut": null,
              "duration": 1156,
              "state": "passed",
              "speed": "slow",
              "pass": true,
              "fail": false,
              "pending": false,
              "context": null,
              "code": "cy.get('.color:not(:first-child)').each(function (color) {\n  cy.wrap(color).should('not.have.class', 'selected');\n});",
              "err": {},
              "uuid": "80bcea81-f923-4d1d-af3a-a063a70755ae",
              "parentUUID": "8cfb41c3-6b29-49c7-94db-89c4cedce217",
              "isHook": false,
              "skipped": false
            }
          ],
          "suites": [],
          "passes": [
            "80bcea81-f923-4d1d-af3a-a063a70755ae"
          ],
          "failures": [
            "c24b0366-0728-4940-84a6-ac9ef34d9d4b"
          ],
          "pending": [],
          "skipped": [],
          "duration": 6742,
          "root": false,
          "rootEmpty": false,
          "_timeout": 2000
        },
        {
          "uuid": "133c3296-cd5d-4633-a9c6-ff900b242f67",
          "title": "7 - Clicar em uma das cores da paleta, faz com que ela seja selecionada e utilizada para preencher os pixels no quadro.",
          "fullFile": "",
          "file": "",
          "beforeHooks": [],
          "afterHooks": [],
          "tests": [
            {
              "title": "Verifica se somente uma cor da paleta de cores tem a classe `selected` de cada vez",
              "fullTitle": "7 - Clicar em uma das cores da paleta, faz com que ela seja selecionada e utilizada para preencher os pixels no quadro. Verifica se somente uma cor da paleta de cores tem a classe `selected` de cada vez",
              "timedOut": null,
              "duration": 1083,
              "state": "failed",
              "speed": null,
              "pass": false,
              "fail": true,
              "pending": false,
              "context": null,
              "code": "cy.get('.color').each(function (selectedColor, selectedColorIndex) {\n  cy.wrap(selectedColor).click();\n  cy.get('.color').each(function (color, colorIndex) {\n    if (colorIndex === selectedColorIndex) {\n      expect(color).to.have[\"class\"]('selected');\n    } else {\n      expect(color).not.to.have[\"class\"]('selected');\n    }\n  });\n});",
              "err": {
                "message": "AssertionError: expected '<div#palette1.color>' to have class 'selected'",
                "estack": "AssertionError: expected '<div#palette1.color>' to have class 'selected'\n    at callback (http://localhost:39735/__cypress/runner/cypress_runner.js:136947:20)\n    at getRet (http://localhost:39735/__cypress/runner/cypress_runner.js:136585:16)\n    at tryCatcher (http://localhost:39735/__cypress/runner/cypress_runner.js:167415:23)\n    at Function.Promise.attempt.Promise.try (http://localhost:39735/__cypress/runner/cypress_runner.js:164690:29)\n    at thenFn (http://localhost:39735/__cypress/runner/cypress_runner.js:136599:23)\n    at yieldItem (http://localhost:39735/__cypress/runner/cypress_runner.js:136954:16)\n    at tryCatcher (http://localhost:39735/__cypress/runner/cypress_runner.js:167415:23)\n    at Object.gotValue (http://localhost:39735/__cypress/runner/cypress_runner.js:166557:18)\n    at Object.gotAccum (http://localhost:39735/__cypress/runner/cypress_runner.js:166546:25)\n    at Object.tryCatcher (http://localhost:39735/__cypress/runner/cypress_runner.js:167415:23)\n    at Promise._settlePromiseFromHandler (http://localhost:39735/__cypress/runner/cypress_runner.js:165351:31)\n    at Promise._settlePromise (http://localhost:39735/__cypress/runner/cypress_runner.js:165408:18)\n    at Promise._settlePromiseCtx (http://localhost:39735/__cypress/runner/cypress_runner.js:165445:10)\n    at Async../node_modules/bluebird/js/release/async.js.Async._drainQueue (http://localhost:39735/__cypress/runner/cypress_runner.js:162145:12)\n    at Async../node_modules/bluebird/js/release/async.js.Async._drainQueues (http://localhost:39735/__cypress/runner/cypress_runner.js:162150:10)\n    at Async.drainQueues (http://localhost:39735/__cypress/runner/cypress_runner.js:162024:14)",
                "diff": "- { '0': <div class=\"color\" id=\"palette1\"></div>,\n-   length: 1,\n-   jquery: '3.1.1',\n-   constructor: \n-    { [Function: jQuery]\n-      fn: \n-       { jquery: '3.1.1',\n-         constructor: [Circular],\n-         length: 0,\n-         toArray: [Function: toArray],\n-         get: [Function: get],\n-         pushStack: [Function: pushStack],\n-         each: [Function: each],\n-         map: [Function: map],\n-         slice: [Function: slice],\n-         first: [Function: first],\n-         last: [Function: last],\n-         eq: [Function: eq],\n-         end: [Function: end],\n-         push: [Function: push],\n-         sort: [Function: sort],\n-         splice: [Function: splice],\n-         extend: [Function],\n-         find: [Function: find],\n-         filter: [Function: filter],\n-         not: [Function: not],\n-         is: [Function: is],\n-         init: [Function],\n-         has: [Function: has],\n-         closest: [Function: closest],\n-         index: [Function: index],\n-         add: [Function: add],\n-         addBack: [Function: addBack],\n-         parent: [Function],\n-         parents: [Function],\n-         parentsUntil: [Function],\n-         next: [Function],\n-         prev: [Function],\n-         nextAll: [Function],\n-         prevAll: [Function],\n-         nextUntil: [Function],\n-         prevUntil: [Function],\n-         siblings: [Function],\n-         children: [Function],\n-         contents: [Function],\n-         ready: [Function],\n-         data: [Function: data],\n-         removeData: [Function: removeData],\n-         queue: [Function: queue],\n-         dequeue: [Function: dequeue],\n-         clearQueue: [Function: clearQueue],\n-         promise: [Function: promise],\n-         show: [Function],\n-         hide: [Function],\n-         toggle: [Function],\n-         on: [Function: on],\n-         one: [Function: one],\n-         off: [Function: off],\n-         detach: [Function: detach],\n-         remove: [Function: remove],\n-         text: [Function: text],\n-         append: [Function: append],\n-         prepend: [Function: prepend],\n-         before: [Function: before],\n-         after: [Function: after],\n-         empty: [Function: empty],\n-         clone: [Function: clone],\n-         html: [Function: html],\n-         replaceWith: [Function: replaceWith],\n-         appendTo: [Function],\n-         prependTo: [Function],\n-         insertBefore: [Function],\n-         insertAfter: [Function],\n-         replaceAll: [Function],\n-         css: [Function: css],\n-         fadeTo: [Function: fadeTo],\n-         animate: [Function: animate],\n-         stop: [Function: stop],\n-         finish: [Function: finish],\n-         slideDown: [Function],\n-         slideUp: [Function],\n-         slideToggle: [Function],\n-         fadeIn: [Function],\n-         fadeOut: [Function],\n-         fadeToggle: [Function],\n-         delay: [Function],\n-         attr: [Function: attr],\n-         removeAttr: [Function: removeAttr],\n-         prop: [Function: prop],\n-         removeProp: [Function: removeProp],\n-         addClass: [Function: addClass],\n-         removeClass: [Function: removeClass],\n-         toggleClass: [Function: toggleClass],\n-         hasClass: [Function: hasClass],\n-         val: [Function: val],\n-         trigger: [Function: trigger],\n-         triggerHandler: [Function: triggerHandler],\n-         blur: [Function],\n-         focus: [Function],\n-         focusin: [Function],\n-         focusout: [Function],\n-         resize: [Function],\n-         scroll: [Function],\n-         click: [Function],\n-         dblclick: [Function],\n-         mousedown: [Function],\n-         mouseup: [Function],\n-         mousemove: [Function],\n-         mouseover: [Function],\n-         mouseout: [Function],\n-         mouseenter: [Function],\n-         mouseleave: [Function],\n-         change: [Function],\n-         select: [Function],\n-         submit: [Function],\n-         keydown: [Function],\n-         keypress: [Function],\n-         keyup: [Function],\n-         contextmenu: [Function],\n-         hover: [Function: hover],\n-         serialize: [Function: serialize],\n-         serializeArray: [Function: serializeArray],\n-         wrapAll: [Function: wrapAll],\n-         wrapInner: [Function: wrapInner],\n-         wrap: [Function: wrap],\n-         unwrap: [Function: unwrap],\n-         load: [Function],\n-         ajaxStart: [Function],\n-         ajaxStop: [Function],\n-         ajaxComplete: [Function],\n-         ajaxError: [Function],\n-         ajaxSuccess: [Function],\n-         ajaxSend: [Function],\n-         offset: [Function: offset],\n-         position: [Function: position],\n-         offsetParent: [Function: offsetParent],\n-         scrollLeft: [Function],\n-         scrollTop: [Function],\n-         innerHeight: [Function],\n-         height: [Function],\n-         outerHeight: [Function],\n-         innerWidth: [Function],\n-         width: [Function],\n-         outerWidth: [Function],\n-         bind: [Function: bind],\n-         unbind: [Function: unbind],\n-         delegate: [Function: delegate],\n-         undelegate: [Function: undelegate],\n-         scrollTo: [Function] },\n-      extend: [Function],\n-      expando: 'jQuery311015000611672594633',\n-      isReady: true,\n-      error: [Function: error],\n-      noop: [Function: noop],\n-      isFunction: [Function: isFunction],\n-      isArray: [Function: isArray],\n-      isWindow: [Function: isWindow],\n-      isNumeric: [Function: isNumeric],\n-      isPlainObject: [Function: isPlainObject],\n-      isEmptyObject: [Function: isEmptyObject],\n-      type: [Function: type],\n-      globalEval: [Function: globalEval],\n-      camelCase: [Function: camelCase],\n-      nodeName: [Function: nodeName],\n-      each: [Function: each],\n-      trim: [Function: trim],\n-      makeArray: [Function: makeArray],\n-      inArray: [Function: inArray],\n-      merge: [Function: merge],\n-      grep: [Function: grep],\n-      map: [Function: map],\n-      guid: 7,\n-      proxy: [Function: proxy],\n-      now: [Function: now],\n-      support: \n-       { checkClone: true,\n-         noCloneChecked: true,\n-         clearCloneStyle: true,\n-         pixelPosition: [Function: pixelPosition],\n-         boxSizingReliable: [Function: boxSizingReliable],\n-         pixelMarginRight: [Function: pixelMarginRight],\n-         reliableMarginLeft: [Function: reliableMarginLeft],\n-         checkOn: true,\n-         optSelected: true,\n-         radioValue: true,\n-         focusin: false,\n-         cors: true,\n-         ajax: true,\n-         createHTMLDocument: true },\n-      find: \n-       { [Function: Sizzle]\n-         support: [Object],\n-         isXML: [Function],\n-         setDocument: [Function],\n-         matches: [Function],\n-         matchesSelector: [Function],\n-         contains: [Function],\n-         attr: [Function],\n-         escape: [Function],\n-         error: [Function],\n-         uniqueSort: [Function],\n-         getText: [Function],\n-         selectors: [Object],\n-         tokenize: [Function],\n-         compile: [Function],\n-         select: [Function] },\n-      expr: \n-       { cacheLength: 1,\n-         createPseudo: [Function: markFunction],\n-         match: [Object],\n-         attrHandle: [Object],\n-         find: [Object],\n-         relative: [Object],\n-         preFilter: [Object],\n-         filter: [Object],\n-         pseudos: [Object],\n-         filters: [Object],\n-         setFilters: [Object],\n-         ':': [Object] },\n-      unique: [Function],\n-      uniqueSort: [Function],\n-      text: [Function],\n-      isXMLDoc: [Function],\n-      contains: [Function],\n-      escapeSelector: [Function],\n-      filter: [Function],\n-      Callbacks: [Function],\n-      Deferred: { [Function: Deferred] exceptionHook: [Function] },\n-      when: [Function: when],\n-      readyException: [Function],\n-      readyWait: 0,\n-      holdReady: [Function: holdReady],\n-      ready: { [Function: ready] then: [Function: then] },\n-      hasData: [Function: hasData],\n-      data: [Function: data],\n-      removeData: [Function: removeData],\n-      _data: [Function: _data],\n-      _removeData: [Function: _removeData],\n-      queue: [Function: queue],\n-      dequeue: [Function: dequeue],\n-      _queueHooks: [Function: _queueHooks],\n-      event: \n-       { global: [Object],\n-         add: [Function: add],\n-         remove: [Function: remove],\n-         dispatch: [Function: dispatch],\n-         handlers: [Function: handlers],\n-         addProp: [Function: addProp],\n-         fix: [Function: fix],\n-         special: [Object],\n-         trigger: [Function: trigger],\n-         simulate: [Function: simulate] },\n-      removeEvent: [Function],\n-      Event: [Function],\n-      htmlPrefilter: [Function: htmlPrefilter],\n-      clone: [Function: clone],\n-      cleanData: [Function: cleanData],\n-      cssHooks: \n-       { opacity: [Object],\n-         height: [Object],\n-         width: [Object],\n-         marginLeft: [Object],\n-         margin: [Object],\n-         padding: [Object],\n-         borderWidth: [Object],\n-         top: [Object],\n-         left: [Object] },\n-      cssNumber: \n-       { animationIterationCount: true,\n-         columnCount: true,\n-         fillOpacity: true,\n-         flexGrow: true,\n-         flexShrink: true,\n-         fontWeight: true,\n-         lineHeight: true,\n-         opacity: true,\n-         order: true,\n-         orphans: true,\n-         widows: true,\n-         zIndex: true,\n-         zoom: true },\n-      cssProps: \n-       { float: 'cssFloat',\n-         width: 'width',\n-         display: 'display',\n-         boxSizing: 'boxSizing',\n-         height: 'height',\n-         overflow: 'overflow',\n-         overflowY: 'overflowY',\n-         overflowX: 'overflowX',\n-         visibility: 'visibility',\n-         position: 'position',\n-         backgroundColor: 'backgroundColor',\n-         border: 'border',\n-         paddingRight: 'paddingRight',\n-         borderRightWidth: 'borderRightWidth',\n-         paddingLeft: 'paddingLeft',\n-         borderLeftWidth: 'borderLeftWidth',\n-         paddingTop: 'paddingTop',\n-         borderTopWidth: 'borderTopWidth',\n-         paddingBottom: 'paddingBottom',\n-         borderBottomWidth: 'borderBottomWidth' },\n-      style: [Function: style],\n-      css: [Function: css],\n-      Tween: { [Function: Tween] propHooks: [Object] },\n-      easing: \n-       { linear: [Function: linear],\n-         swing: [Function: swing],\n-         _default: 'swing' },\n-      fx: \n-       { [Function: init]\n-         step: {},\n-         tick: [Function],\n-         timer: [Function],\n-         interval: 13,\n-         start: [Function],\n-         stop: [Function],\n-         speeds: [Object] },\n-      Animation: \n-       { [Function: Animation]\n-         tweeners: [Object],\n-         tweener: [Function: tweener],\n-         prefilters: [Object],\n-         prefilter: [Function: prefilter] },\n-      speed: [Function],\n-      timers: [],\n-      attr: [Function: attr],\n-      attrHooks: { type: [Object] },\n-      removeAttr: [Function: removeAttr],\n-      prop: [Function: prop],\n-      propHooks: { tabIndex: [Object] },\n-      propFix: \n-       { for: 'htmlFor',\n-         class: 'className',\n-         tabindex: 'tabIndex',\n-         readonly: 'readOnly',\n-         maxlength: 'maxLength',\n-         cellspacing: 'cellSpacing',\n-         cellpadding: 'cellPadding',\n-         rowspan: 'rowSpan',\n-         colspan: 'colSpan',\n-         usemap: 'useMap',\n-         frameborder: 'frameBorder',\n-         contenteditable: 'contentEditable' },\n-      valHooks: \n-       { option: [Object],\n-         select: [Object],\n-         radio: [Object],\n-         checkbox: [Object] },\n-      parseXML: [Function],\n-      param: [Function],\n-      active: 0,\n-      lastModified: {},\n-      etag: {},\n-      ajaxSettings: \n-       { url: 'http://localhost:39735/__/#/tests/integration/project.spec.js',\n-         type: 'GET',\n-         isLocal: false,\n-         global: true,\n-         processData: true,\n-         async: true,\n-         contentType: 'application/x-www-form-urlencoded; charset=UTF-8',\n-         accepts: [Object],\n-         contents: [Object],\n-         responseFields: [Object],\n-         converters: [Object],\n-         flatOptions: [Object],\n-         xhr: [Function],\n-         jsonp: 'callback',\n-         jsonpCallback: [Function: jsonpCallback],\n-         cache: false },\n-      ajaxSetup: [Function: ajaxSetup],\n-      ajaxPrefilter: [Function],\n-      ajaxTransport: [Function],\n-      ajax: [Function: ajax],\n-      getJSON: [Function: getJSON],\n-      getScript: [Function: getScript],\n-      get: [Function],\n-      post: [Function],\n-      _evalUrl: [Function],\n-      parseHTML: [Function],\n-      offset: { setOffset: [Function: setOffset] },\n-      parseJSON: [Function: parse],\n-      noConflict: [Function],\n-      scrollTo: { [Function] defaults: [Object], max: [Function] } },\n-   toArray: [Function: toArray],\n-   get: [Function: get],\n-   pushStack: [Function: pushStack],\n-   each: [Function: each],\n-   map: [Function: map],\n-   slice: [Function: slice],\n-   first: [Function: first],\n-   last: [Function: last],\n-   eq: [Function: eq],\n-   end: [Function: end],\n-   push: [Function: push],\n-   sort: [Function: sort],\n-   splice: [Function: splice],\n-   extend: [Function],\n-   find: [Function: find],\n-   filter: [Function: filter],\n-   not: [Function: not],\n-   is: [Function: is],\n-   init: [Function],\n-   has: [Function: has],\n-   closest: [Function: closest],\n-   index: [Function: index],\n-   add: [Function: add],\n-   addBack: [Function: addBack],\n-   parent: [Function],\n-   parents: [Function],\n-   parentsUntil: [Function],\n-   next: [Function],\n-   prev: [Function],\n-   nextAll: [Function],\n-   prevAll: [Function],\n-   nextUntil: [Function],\n-   prevUntil: [Function],\n-   siblings: [Function],\n-   children: [Function],\n-   contents: [Function],\n-   ready: [Function],\n-   data: [Function: data],\n-   removeData: [Function: removeData],\n-   queue: [Function: queue],\n-   dequeue: [Function: dequeue],\n-   clearQueue: [Function: clearQueue],\n-   promise: [Function: promise],\n-   show: [Function],\n-   hide: [Function],\n-   toggle: [Function],\n-   on: [Function: on],\n-   one: [Function: one],\n-   off: [Function: off],\n-   detach: [Function: detach],\n-   remove: [Function: remove],\n-   text: [Function: text],\n-   append: [Function: append],\n-   prepend: [Function: prepend],\n-   before: [Function: before],\n-   after: [Function: after],\n-   empty: [Function: empty],\n-   clone: [Function: clone],\n-   html: [Function: html],\n-   replaceWith: [Function: replaceWith],\n-   appendTo: [Function],\n-   prependTo: [Function],\n-   insertBefore: [Function],\n-   insertAfter: [Function],\n-   replaceAll: [Function],\n-   css: [Function: css],\n-   fadeTo: [Function: fadeTo],\n-   animate: [Function: animate],\n-   stop: [Function: stop],\n-   finish: [Function: finish],\n-   slideDown: [Function],\n-   slideUp: [Function],\n-   slideToggle: [Function],\n-   fadeIn: [Function],\n-   fadeOut: [Function],\n-   fadeToggle: [Function],\n-   delay: [Function],\n-   attr: [Function: attr],\n-   removeAttr: [Function: removeAttr],\n-   prop: [Function: prop],\n-   removeProp: [Function: removeProp],\n-   addClass: [Function: addClass],\n-   removeClass: [Function: removeClass],\n-   toggleClass: [Function: toggleClass],\n-   hasClass: [Function: hasClass],\n-   val: [Function: val],\n-   trigger: [Function: trigger],\n-   triggerHandler: [Function: triggerHandler],\n-   blur: [Function],\n-   focus: [Function],\n-   focusin: [Function],\n-   focusout: [Function],\n-   resize: [Function],\n-   scroll: [Function],\n-   click: [Function],\n-   dblclick: [Function],\n-   mousedown: [Function],\n-   mouseup: [Function],\n-   mousemove: [Function],\n-   mouseover: [Function],\n-   mouseout: [Function],\n-   mouseenter: [Function],\n-   mouseleave: [Function],\n-   change: [Function],\n-   select: [Function],\n-   submit: [Function],\n-   keydown: [Function],\n-   keypress: [Function],\n-   keyup: [Function],\n-   contextmenu: [Function],\n-   hover: [Function: hover],\n-   serialize: [Function: serialize],\n-   serializeArray: [Function: serializeArray],\n-   wrapAll: [Function: wrapAll],\n-   wrapInner: [Function: wrapInner],\n-   wrap: [Function: wrap],\n-   unwrap: [Function: unwrap],\n-   load: [Function],\n-   ajaxStart: [Function],\n-   ajaxStop: [Function],\n-   ajaxComplete: [Function],\n-   ajaxError: [Function],\n-   ajaxSuccess: [Function],\n-   ajaxSend: [Function],\n-   offset: [Function: offset],\n-   position: [Function: position],\n-   offsetParent: [Function: offsetParent],\n-   scrollLeft: [Function],\n-   scrollTop: [Function],\n-   innerHeight: [Function],\n-   height: [Function],\n-   outerHeight: [Function],\n-   innerWidth: [Function],\n-   width: [Function],\n-   outerWidth: [Function],\n-   bind: [Function: bind],\n-   unbind: [Function: unbind],\n-   delegate: [Function: delegate],\n-   undelegate: [Function: undelegate],\n-   scrollTo: [Function] }\n+ 'selected'\n"
              },
              "uuid": "96726c1e-23d1-4989-bf8b-4eac3735d201",
              "parentUUID": "133c3296-cd5d-4633-a9c6-ff900b242f67",
              "isHook": false,
              "skipped": false
            },
            {
              "title": "Verifica se os pixels dentro do quadro não têm a classe `selected` quando são clicados",
              "fullTitle": "7 - Clicar em uma das cores da paleta, faz com que ela seja selecionada e utilizada para preencher os pixels no quadro. Verifica se os pixels dentro do quadro não têm a classe `selected` quando são clicados",
              "timedOut": null,
              "duration": 12344,
              "state": "passed",
              "speed": "slow",
              "pass": true,
              "fail": false,
              "pending": false,
              "context": null,
              "code": "cy.get('.color').each(function (color) {\n  var backgroundColor = color.css('background-color');\n  cy.wrap(color).click();\n  cy.get('.pixel').each(function (pixel) {\n    cy.wrap(pixel).click().should('not.have.class', 'selected');\n  });\n});",
              "err": {},
              "uuid": "87697f76-c5fe-4977-8602-8363a04d77a9",
              "parentUUID": "133c3296-cd5d-4633-a9c6-ff900b242f67",
              "isHook": false,
              "skipped": false
            }
          ],
          "suites": [],
          "passes": [
            "87697f76-c5fe-4977-8602-8363a04d77a9"
          ],
          "failures": [
            "96726c1e-23d1-4989-bf8b-4eac3735d201"
          ],
          "pending": [],
          "skipped": [],
          "duration": 13427,
          "root": false,
          "rootEmpty": false,
          "_timeout": 2000
        },
        {
          "uuid": "e1d9db3c-9fe8-4155-978a-c4c5fb62c6ad",
          "title": "8 - Clicar em um pixel dentro do quadro após selecionar uma cor na paleta, faz com que o pixel seja preenchido com a cor selecionada.",
          "fullFile": "",
          "file": "",
          "beforeHooks": [],
          "afterHooks": [],
          "tests": [
            {
              "title": "Verifica se ao carregar a página deve ser possível pintar os pixels de preto",
              "fullTitle": "8 - Clicar em um pixel dentro do quadro após selecionar uma cor na paleta, faz com que o pixel seja preenchido com a cor selecionada. Verifica se ao carregar a página deve ser possível pintar os pixels de preto",
              "timedOut": null,
              "duration": 3104,
              "state": "passed",
              "speed": "slow",
              "pass": true,
              "fail": false,
              "pending": false,
              "context": null,
              "code": "cy.get('.pixel').each(function (pixel) {\n  cy.wrap(pixel).click().should('have.css', 'background-color', BLACK);\n});",
              "err": {},
              "uuid": "8efccea9-6e6e-4297-af43-80ed7b6d71ab",
              "parentUUID": "e1d9db3c-9fe8-4155-978a-c4c5fb62c6ad",
              "isHook": false,
              "skipped": false
            },
            {
              "title": "Verifica se após selecionar uma outra cor na paleta, é possível pintar os pixels com essa cor",
              "fullTitle": "8 - Clicar em um pixel dentro do quadro após selecionar uma cor na paleta, faz com que o pixel seja preenchido com a cor selecionada. Verifica se após selecionar uma outra cor na paleta, é possível pintar os pixels com essa cor",
              "timedOut": null,
              "duration": 11444,
              "state": "passed",
              "speed": "slow",
              "pass": true,
              "fail": false,
              "pending": false,
              "context": null,
              "code": "cy.get('.color').each(function (color) {\n  var backgroundColor = color.css('background-color');\n  cy.wrap(color).click();\n  cy.get('.pixel').each(function (pixel) {\n    cy.wrap(pixel).click().should('have.css', 'background-color', backgroundColor);\n  });\n});",
              "err": {},
              "uuid": "fc2a59f3-e88c-468d-82a8-40ba2e037d41",
              "parentUUID": "e1d9db3c-9fe8-4155-978a-c4c5fb62c6ad",
              "isHook": false,
              "skipped": false
            },
            {
              "title": "Verifica se somente o pixel que foi clicado foi preenchido com a cor selecionada, sem influenciar na cor dos demais pixels.",
              "fullTitle": "8 - Clicar em um pixel dentro do quadro após selecionar uma cor na paleta, faz com que o pixel seja preenchido com a cor selecionada. Verifica se somente o pixel que foi clicado foi preenchido com a cor selecionada, sem influenciar na cor dos demais pixels.",
              "timedOut": null,
              "duration": 3364,
              "state": "passed",
              "speed": "slow",
              "pass": true,
              "fail": false,
              "pending": false,
              "context": null,
              "code": "var colorToPixelIndexMap = {\n  0: 6,\n  1: 8,\n  2: 16,\n  3: 18\n};\ncy.get('.color').each(function (color, index) {\n  cy.wrap(color).click();\n  var backgroundColor = color.css('background-color');\n  var clickedPixelIndex = colorToPixelIndexMap[index];\n  cy.get('.pixel').eq(clickedPixelIndex).click();\n  cy.get('.pixel').eq(clickedPixelIndex - 1).should('not.have.css', 'background-color', backgroundColor);\n  cy.get('.pixel').eq(clickedPixelIndex + 1).should('not.have.css', 'background-color', backgroundColor);\n  cy.get('.pixel').eq(clickedPixelIndex - 5).should('not.have.css', 'background-color', backgroundColor);\n  cy.get('.pixel').eq(clickedPixelIndex + 5).should('not.have.css', 'background-color', backgroundColor);\n  cy.get('.pixel').eq(clickedPixelIndex - 6).should('not.have.css', 'background-color', backgroundColor);\n  cy.get('.pixel').eq(clickedPixelIndex - 4).should('not.have.css', 'background-color', backgroundColor);\n  cy.get('.pixel').eq(clickedPixelIndex + 4).should('not.have.css', 'background-color', backgroundColor);\n  cy.get('.pixel').eq(clickedPixelIndex + 6).should('not.have.css', 'background-color', backgroundColor);\n});",
              "err": {},
              "uuid": "cbcaeb1a-bd49-42d6-b0e2-bdb4e3f00b54",
              "parentUUID": "e1d9db3c-9fe8-4155-978a-c4c5fb62c6ad",
              "isHook": false,
              "skipped": false
            }
          ],
          "suites": [],
          "passes": [
            "8efccea9-6e6e-4297-af43-80ed7b6d71ab",
            "fc2a59f3-e88c-468d-82a8-40ba2e037d41",
            "cbcaeb1a-bd49-42d6-b0e2-bdb4e3f00b54"
          ],
          "failures": [],
          "pending": [],
          "skipped": [],
          "duration": 17912,
          "root": false,
          "rootEmpty": false,
          "_timeout": 2000
        },
        {
          "uuid": "449e4f36-78da-434c-8a90-7c8f79e1d6ae",
          "title": "9 - Crie um botão que, ao ser clicado, limpa o quadro preenchendo a cor de todos seus pixels com branco.",
          "fullFile": "",
          "file": "",
          "beforeHooks": [],
          "afterHooks": [],
          "tests": [
            {
              "title": "Verifica se o botão tem o `id` denominado `clear-board`",
              "fullTitle": "9 - Crie um botão que, ao ser clicado, limpa o quadro preenchendo a cor de todos seus pixels com branco. Verifica se o botão tem o `id` denominado `clear-board`",
              "timedOut": null,
              "duration": 5175,
              "state": "failed",
              "speed": null,
              "pass": false,
              "fail": true,
              "pending": false,
              "context": null,
              "code": "cy.get('#clear-board').should('be.visible');",
              "err": {
                "message": "CypressError: Timed out retrying: Expected to find element: '#clear-board', but never found it.",
                "estack": "CypressError: Timed out retrying: Expected to find element: '#clear-board', but never found it.\n    at cypressErr (http://localhost:39735/__cypress/runner/cypress_runner.js:149934:9)\n    at throwErr (http://localhost:39735/__cypress/runner/cypress_runner.js:149867:11)\n    at Object.throwErrByPath (http://localhost:39735/__cypress/runner/cypress_runner.js:149915:3)\n    at retry (http://localhost:39735/__cypress/runner/cypress_runner.js:144197:19)\n    at onFailFn (http://localhost:39735/__cypress/runner/cypress_runner.js:132448:16)\n    at tryCatcher (http://localhost:39735/__cypress/runner/cypress_runner.js:167415:23)\n    at Promise._settlePromiseFromHandler (http://localhost:39735/__cypress/runner/cypress_runner.js:165351:31)\n    at Promise._settlePromise (http://localhost:39735/__cypress/runner/cypress_runner.js:165408:18)\n    at Promise._settlePromise0 (http://localhost:39735/__cypress/runner/cypress_runner.js:165453:10)\n    at Promise._settlePromises (http://localhost:39735/__cypress/runner/cypress_runner.js:165528:18)\n    at Async../node_modules/bluebird/js/release/async.js.Async._drainQueue (http://localhost:39735/__cypress/runner/cypress_runner.js:162140:16)\n    at Async../node_modules/bluebird/js/release/async.js.Async._drainQueues (http://localhost:39735/__cypress/runner/cypress_runner.js:162150:10)\n    at Async.drainQueues (http://localhost:39735/__cypress/runner/cypress_runner.js:162024:14)",
                "diff": null
              },
              "uuid": "23b067cc-0544-42b6-b87a-c883432152e7",
              "parentUUID": "449e4f36-78da-434c-8a90-7c8f79e1d6ae",
              "isHook": false,
              "skipped": false
            },
            {
              "title": "Verifica se o botão está posicionado entre a paleta de cores e o quadro de pixels",
              "fullTitle": "9 - Crie um botão que, ao ser clicado, limpa o quadro preenchendo a cor de todos seus pixels com branco. Verifica se o botão está posicionado entre a paleta de cores e o quadro de pixels",
              "timedOut": null,
              "duration": 5464,
              "state": "failed",
              "speed": null,
              "pass": false,
              "fail": true,
              "pending": false,
              "context": null,
              "code": "cy.get('#color-palette').then(function (palette) {\n  cy.get('#clear-board').should('be.belowOf', palette);\n});\ncy.get('#clear-board').then(function (clearBtn) {\n  cy.get('#pixel-board').should('be.belowOf', clearBtn);\n});",
              "err": {
                "message": "CypressError: Timed out retrying: Expected to find element: '#clear-board', but never found it.",
                "estack": "CypressError: Timed out retrying: Expected to find element: '#clear-board', but never found it.\n    at cypressErr (http://localhost:39735/__cypress/runner/cypress_runner.js:149934:9)\n    at throwErr (http://localhost:39735/__cypress/runner/cypress_runner.js:149867:11)\n    at Object.throwErrByPath (http://localhost:39735/__cypress/runner/cypress_runner.js:149915:3)\n    at retry (http://localhost:39735/__cypress/runner/cypress_runner.js:144197:19)\n    at onFailFn (http://localhost:39735/__cypress/runner/cypress_runner.js:132448:16)\n    at tryCatcher (http://localhost:39735/__cypress/runner/cypress_runner.js:167415:23)\n    at Promise._settlePromiseFromHandler (http://localhost:39735/__cypress/runner/cypress_runner.js:165351:31)\n    at Promise._settlePromise (http://localhost:39735/__cypress/runner/cypress_runner.js:165408:18)\n    at Promise._settlePromise0 (http://localhost:39735/__cypress/runner/cypress_runner.js:165453:10)\n    at Promise._settlePromises (http://localhost:39735/__cypress/runner/cypress_runner.js:165528:18)\n    at Async../node_modules/bluebird/js/release/async.js.Async._drainQueue (http://localhost:39735/__cypress/runner/cypress_runner.js:162140:16)\n    at Async../node_modules/bluebird/js/release/async.js.Async._drainQueues (http://localhost:39735/__cypress/runner/cypress_runner.js:162150:10)\n    at Async.drainQueues (http://localhost:39735/__cypress/runner/cypress_runner.js:162024:14)",
                "diff": null
              },
              "uuid": "42a51599-5fe1-4110-936b-fe2c701a2e65",
              "parentUUID": "449e4f36-78da-434c-8a90-7c8f79e1d6ae",
              "isHook": false,
              "skipped": false
            },
            {
              "title": "Verifica se o texto do botão é 'Limpar'",
              "fullTitle": "9 - Crie um botão que, ao ser clicado, limpa o quadro preenchendo a cor de todos seus pixels com branco. Verifica se o texto do botão é 'Limpar'",
              "timedOut": null,
              "duration": 5728,
              "state": "failed",
              "speed": null,
              "pass": false,
              "fail": true,
              "pending": false,
              "context": null,
              "code": "cy.get('#clear-board').should('contain.text', 'Limpar');",
              "err": {
                "message": "CypressError: Timed out retrying: Expected to find element: '#clear-board', but never found it.",
                "estack": "CypressError: Timed out retrying: Expected to find element: '#clear-board', but never found it.\n    at cypressErr (http://localhost:39735/__cypress/runner/cypress_runner.js:149934:9)\n    at throwErr (http://localhost:39735/__cypress/runner/cypress_runner.js:149867:11)\n    at Object.throwErrByPath (http://localhost:39735/__cypress/runner/cypress_runner.js:149915:3)\n    at retry (http://localhost:39735/__cypress/runner/cypress_runner.js:144197:19)\n    at onFailFn (http://localhost:39735/__cypress/runner/cypress_runner.js:132448:16)\n    at tryCatcher (http://localhost:39735/__cypress/runner/cypress_runner.js:167415:23)\n    at Promise._settlePromiseFromHandler (http://localhost:39735/__cypress/runner/cypress_runner.js:165351:31)\n    at Promise._settlePromise (http://localhost:39735/__cypress/runner/cypress_runner.js:165408:18)\n    at Promise._settlePromise0 (http://localhost:39735/__cypress/runner/cypress_runner.js:165453:10)\n    at Promise._settlePromises (http://localhost:39735/__cypress/runner/cypress_runner.js:165528:18)\n    at Async../node_modules/bluebird/js/release/async.js.Async._drainQueue (http://localhost:39735/__cypress/runner/cypress_runner.js:162140:16)\n    at Async../node_modules/bluebird/js/release/async.js.Async._drainQueues (http://localhost:39735/__cypress/runner/cypress_runner.js:162150:10)\n    at Async.drainQueues (http://localhost:39735/__cypress/runner/cypress_runner.js:162024:14)",
                "diff": null
              },
              "uuid": "c1af3bd8-19e5-4e95-9ee6-dfeefc2d59b1",
              "parentUUID": "449e4f36-78da-434c-8a90-7c8f79e1d6ae",
              "isHook": false,
              "skipped": false
            },
            {
              "title": "Verifica se ao clicar no botão, o quadro de pixels é totalmente preenchido de branco",
              "fullTitle": "9 - Crie um botão que, ao ser clicado, limpa o quadro preenchendo a cor de todos seus pixels com branco. Verifica se ao clicar no botão, o quadro de pixels é totalmente preenchido de branco",
              "timedOut": null,
              "duration": 17439,
              "state": "failed",
              "speed": null,
              "pass": false,
              "fail": true,
              "pending": false,
              "context": null,
              "code": "cy.get('.color').eq(1).then(function (color) {\n  var backgroundColor = color.css('background-color');\n  cy.wrap(color).click();\n  cy.get('.pixel').each(function (pixel) {\n    cy.wrap(pixel).click().should('have.css', 'background-color', backgroundColor);\n  });\n});\ncy.get('#clear-board').click();\ncy.get('.pixel').each(function (pixel) {\n  cy.wrap(pixel).should('have.css', 'background-color', WHITE);\n});",
              "err": {
                "message": "CypressError: Timed out retrying: Expected to find element: '#clear-board', but never found it.",
                "estack": "CypressError: Timed out retrying: Expected to find element: '#clear-board', but never found it.\n    at cypressErr (http://localhost:39735/__cypress/runner/cypress_runner.js:149934:9)\n    at throwErr (http://localhost:39735/__cypress/runner/cypress_runner.js:149867:11)\n    at Object.throwErrByPath (http://localhost:39735/__cypress/runner/cypress_runner.js:149915:3)\n    at retry (http://localhost:39735/__cypress/runner/cypress_runner.js:144197:19)\n    at onFailFn (http://localhost:39735/__cypress/runner/cypress_runner.js:132448:16)\n    at tryCatcher (http://localhost:39735/__cypress/runner/cypress_runner.js:167415:23)\n    at Promise._settlePromiseFromHandler (http://localhost:39735/__cypress/runner/cypress_runner.js:165351:31)\n    at Promise._settlePromise (http://localhost:39735/__cypress/runner/cypress_runner.js:165408:18)\n    at Promise._settlePromise0 (http://localhost:39735/__cypress/runner/cypress_runner.js:165453:10)\n    at Promise._settlePromises (http://localhost:39735/__cypress/runner/cypress_runner.js:165528:18)\n    at Async../node_modules/bluebird/js/release/async.js.Async._drainQueue (http://localhost:39735/__cypress/runner/cypress_runner.js:162140:16)\n    at Async../node_modules/bluebird/js/release/async.js.Async._drainQueues (http://localhost:39735/__cypress/runner/cypress_runner.js:162150:10)\n    at Async.drainQueues (http://localhost:39735/__cypress/runner/cypress_runner.js:162024:14)",
                "diff": null
              },
              "uuid": "ee2ae7f4-c041-454a-a951-c620097f076e",
              "parentUUID": "449e4f36-78da-434c-8a90-7c8f79e1d6ae",
              "isHook": false,
              "skipped": false
            }
          ],
          "suites": [],
          "passes": [],
          "failures": [
            "23b067cc-0544-42b6-b87a-c883432152e7",
            "42a51599-5fe1-4110-936b-fe2c701a2e65",
            "c1af3bd8-19e5-4e95-9ee6-dfeefc2d59b1",
            "ee2ae7f4-c041-454a-a951-c620097f076e"
          ],
          "pending": [],
          "skipped": [],
          "duration": 33806,
          "root": false,
          "rootEmpty": false,
          "_timeout": 2000
        },
        {
          "uuid": "03e5236c-7bf9-4a0b-b807-385e26d35218",
          "title": "10 - Faça o quadro de pixels ter seu tamanho definido pelo usuário.",
          "fullFile": "",
          "file": "",
          "beforeHooks": [],
          "afterHooks": [],
          "tests": [
            {
              "title": "Verifica se existe um input com o id `board-size`",
              "fullTitle": "10 - Faça o quadro de pixels ter seu tamanho definido pelo usuário. Verifica se existe um input com o id `board-size`",
              "timedOut": null,
              "duration": 5658,
              "state": "failed",
              "speed": null,
              "pass": false,
              "fail": true,
              "pending": false,
              "context": null,
              "code": "cy.get('#board-size').should('be.visible');",
              "err": {
                "message": "CypressError: Timed out retrying: Expected to find element: '#board-size', but never found it.",
                "estack": "CypressError: Timed out retrying: Expected to find element: '#board-size', but never found it.\n    at cypressErr (http://localhost:39735/__cypress/runner/cypress_runner.js:149934:9)\n    at throwErr (http://localhost:39735/__cypress/runner/cypress_runner.js:149867:11)\n    at Object.throwErrByPath (http://localhost:39735/__cypress/runner/cypress_runner.js:149915:3)\n    at retry (http://localhost:39735/__cypress/runner/cypress_runner.js:144197:19)\n    at onFailFn (http://localhost:39735/__cypress/runner/cypress_runner.js:132448:16)\n    at tryCatcher (http://localhost:39735/__cypress/runner/cypress_runner.js:167415:23)\n    at Promise._settlePromiseFromHandler (http://localhost:39735/__cypress/runner/cypress_runner.js:165351:31)\n    at Promise._settlePromise (http://localhost:39735/__cypress/runner/cypress_runner.js:165408:18)\n    at Promise._settlePromise0 (http://localhost:39735/__cypress/runner/cypress_runner.js:165453:10)\n    at Promise._settlePromises (http://localhost:39735/__cypress/runner/cypress_runner.js:165528:18)\n    at Async../node_modules/bluebird/js/release/async.js.Async._drainQueue (http://localhost:39735/__cypress/runner/cypress_runner.js:162140:16)\n    at Async../node_modules/bluebird/js/release/async.js.Async._drainQueues (http://localhost:39735/__cypress/runner/cypress_runner.js:162150:10)\n    at Async.drainQueues (http://localhost:39735/__cypress/runner/cypress_runner.js:162024:14)",
                "diff": null
              },
              "uuid": "428f2743-75fd-4adc-a8bf-8c90e758ca50",
              "parentUUID": "03e5236c-7bf9-4a0b-b807-385e26d35218",
              "isHook": false,
              "skipped": false
            },
            {
              "title": "Verifica se existe um botão com o id `generate-board`",
              "fullTitle": "10 - Faça o quadro de pixels ter seu tamanho definido pelo usuário. Verifica se existe um botão com o id `generate-board`",
              "timedOut": null,
              "duration": 6005,
              "state": "failed",
              "speed": null,
              "pass": false,
              "fail": true,
              "pending": false,
              "context": null,
              "code": "cy.get('#generate-board').should('be.visible');",
              "err": {
                "message": "CypressError: Timed out retrying: Expected to find element: '#generate-board', but never found it.",
                "estack": "CypressError: Timed out retrying: Expected to find element: '#generate-board', but never found it.\n    at cypressErr (http://localhost:39735/__cypress/runner/cypress_runner.js:149934:9)\n    at throwErr (http://localhost:39735/__cypress/runner/cypress_runner.js:149867:11)\n    at Object.throwErrByPath (http://localhost:39735/__cypress/runner/cypress_runner.js:149915:3)\n    at retry (http://localhost:39735/__cypress/runner/cypress_runner.js:144197:19)\n    at onFailFn (http://localhost:39735/__cypress/runner/cypress_runner.js:132448:16)\n    at tryCatcher (http://localhost:39735/__cypress/runner/cypress_runner.js:167415:23)\n    at Promise._settlePromiseFromHandler (http://localhost:39735/__cypress/runner/cypress_runner.js:165351:31)\n    at Promise._settlePromise (http://localhost:39735/__cypress/runner/cypress_runner.js:165408:18)\n    at Promise._settlePromise0 (http://localhost:39735/__cypress/runner/cypress_runner.js:165453:10)\n    at Promise._settlePromises (http://localhost:39735/__cypress/runner/cypress_runner.js:165528:18)\n    at Async../node_modules/bluebird/js/release/async.js.Async._drainQueue (http://localhost:39735/__cypress/runner/cypress_runner.js:162140:16)\n    at Async../node_modules/bluebird/js/release/async.js.Async._drainQueues (http://localhost:39735/__cypress/runner/cypress_runner.js:162150:10)\n    at Async.drainQueues (http://localhost:39735/__cypress/runner/cypress_runner.js:162024:14)",
                "diff": null
              },
              "uuid": "a088c68b-8397-45c1-bf8d-7b08dac212c4",
              "parentUUID": "03e5236c-7bf9-4a0b-b807-385e26d35218",
              "isHook": false,
              "skipped": false
            },
            {
              "title": "Verifica se o input só aceita número maiores que zero. Essa restrição deve ser feita usando os atributos do elemento `input`",
              "fullTitle": "10 - Faça o quadro de pixels ter seu tamanho definido pelo usuário. Verifica se o input só aceita número maiores que zero. Essa restrição deve ser feita usando os atributos do elemento `input`",
              "timedOut": null,
              "duration": 5301,
              "state": "failed",
              "speed": null,
              "pass": false,
              "fail": true,
              "pending": false,
              "context": null,
              "code": "cy.get('#board-size[type=\\'number\\'][min=\\'1\\']');",
              "err": {
                "message": "CypressError: Timed out retrying: Expected to find element: '#board-size[type='number'][min='1']', but never found it.",
                "estack": "CypressError: Timed out retrying: Expected to find element: '#board-size[type='number'][min='1']', but never found it.\n    at cypressErr (http://localhost:39735/__cypress/runner/cypress_runner.js:149934:9)\n    at throwErr (http://localhost:39735/__cypress/runner/cypress_runner.js:149867:11)\n    at Object.throwErrByPath (http://localhost:39735/__cypress/runner/cypress_runner.js:149915:3)\n    at retry (http://localhost:39735/__cypress/runner/cypress_runner.js:144197:19)\n    at onFailFn (http://localhost:39735/__cypress/runner/cypress_runner.js:132448:16)\n    at tryCatcher (http://localhost:39735/__cypress/runner/cypress_runner.js:167415:23)\n    at Promise._settlePromiseFromHandler (http://localhost:39735/__cypress/runner/cypress_runner.js:165351:31)\n    at Promise._settlePromise (http://localhost:39735/__cypress/runner/cypress_runner.js:165408:18)\n    at Promise._settlePromise0 (http://localhost:39735/__cypress/runner/cypress_runner.js:165453:10)\n    at Promise._settlePromises (http://localhost:39735/__cypress/runner/cypress_runner.js:165528:18)\n    at Async../node_modules/bluebird/js/release/async.js.Async._drainQueue (http://localhost:39735/__cypress/runner/cypress_runner.js:162140:16)\n    at Async../node_modules/bluebird/js/release/async.js.Async._drainQueues (http://localhost:39735/__cypress/runner/cypress_runner.js:162150:10)\n    at Async.drainQueues (http://localhost:39735/__cypress/runner/cypress_runner.js:162024:14)",
                "diff": null
              },
              "uuid": "f49155df-140b-4d83-ad9a-cf224934ccee",
              "parentUUID": "03e5236c-7bf9-4a0b-b807-385e26d35218",
              "isHook": false,
              "skipped": false
            },
            {
              "title": "Verifica se o botão contém o texto 'VQV'",
              "fullTitle": "10 - Faça o quadro de pixels ter seu tamanho definido pelo usuário. Verifica se o botão contém o texto 'VQV'",
              "timedOut": null,
              "duration": 5830,
              "state": "failed",
              "speed": null,
              "pass": false,
              "fail": true,
              "pending": false,
              "context": null,
              "code": "cy.get('#generate-board').contains(/vqv/i);",
              "err": {
                "message": "CypressError: Timed out retrying: Expected to find element: '#generate-board', but never found it.",
                "estack": "CypressError: Timed out retrying: Expected to find element: '#generate-board', but never found it.\n    at cypressErr (http://localhost:39735/__cypress/runner/cypress_runner.js:149934:9)\n    at throwErr (http://localhost:39735/__cypress/runner/cypress_runner.js:149867:11)\n    at Object.throwErrByPath (http://localhost:39735/__cypress/runner/cypress_runner.js:149915:3)\n    at retry (http://localhost:39735/__cypress/runner/cypress_runner.js:144197:19)\n    at onFailFn (http://localhost:39735/__cypress/runner/cypress_runner.js:132448:16)\n    at tryCatcher (http://localhost:39735/__cypress/runner/cypress_runner.js:167415:23)\n    at Promise._settlePromiseFromHandler (http://localhost:39735/__cypress/runner/cypress_runner.js:165351:31)\n    at Promise._settlePromise (http://localhost:39735/__cypress/runner/cypress_runner.js:165408:18)\n    at Promise._settlePromise0 (http://localhost:39735/__cypress/runner/cypress_runner.js:165453:10)\n    at Promise._settlePromises (http://localhost:39735/__cypress/runner/cypress_runner.js:165528:18)\n    at Async../node_modules/bluebird/js/release/async.js.Async._drainQueue (http://localhost:39735/__cypress/runner/cypress_runner.js:162140:16)\n    at Async../node_modules/bluebird/js/release/async.js.Async._drainQueues (http://localhost:39735/__cypress/runner/cypress_runner.js:162150:10)\n    at Async.drainQueues (http://localhost:39735/__cypress/runner/cypress_runner.js:162024:14)",
                "diff": null
              },
              "uuid": "13ecca94-3b02-4cc0-ad67-a5f18dc114d5",
              "parentUUID": "03e5236c-7bf9-4a0b-b807-385e26d35218",
              "isHook": false,
              "skipped": false
            },
            {
              "title": "Verifica se o input está posicionado entre a paleta de cores e o quadro de pixels",
[...]
                "diff": null
              },
              "uuid": "48ca31f1-3564-4abc-80e6-7e1e4917183d",
              "parentUUID": "03e5236c-7bf9-4a0b-b807-385e26d35218",
              "isHook": false,
              "skipped": false
            },
            {
              "title": "Verifica se o novo quadro tem todos os pixels preenchidos com a cor branca",
              "fullTitle": "10 - Faça o quadro de pixels ter seu tamanho definido pelo usuário. Verifica se o novo quadro tem todos os pixels preenchidos com a cor branca",
              "timedOut": null,
              "duration": 5395,
              "state": "failed",
              "speed": null,
              "pass": false,
              "fail": true,
              "pending": false,
              "context": null,
              "code": "cy.get('#board-size').clear().type(6);\ncy.get('#generate-board').click();\ncy.get('.pixel').should('have.length', 36).each(function (pixel) {\n  expect(pixel).to.have.css('background-color', WHITE);\n});",
              "err": {
                "message": "CypressError: Timed out retrying: Expected to find element: '#board-size', but never found it.",
                "estack": "CypressError: Timed out retrying: Expected to find element: '#board-size', but never found it.\n    at cypressErr (http://localhost:39735/__cypress/runner/cypress_runner.js:149934:9)\n    at throwErr (http://localhost:39735/__cypress/runner/cypress_runner.js:149867:11)\n    at Object.throwErrByPath (http://localhost:39735/__cypress/runner/cypress_runner.js:149915:3)\n    at retry (http://localhost:39735/__cypress/runner/cypress_runner.js:144197:19)\n    at onFailFn (http://localhost:39735/__cypress/runner/cypress_runner.js:132448:16)\n    at tryCatcher (http://localhost:39735/__cypress/runner/cypress_runner.js:167415:23)\n    at Promise._settlePromiseFromHandler (http://localhost:39735/__cypress/runner/cypress_runner.js:165351:31)\n    at Promise._settlePromise (http://localhost:39735/__cypress/runner/cypress_runner.js:165408:18)\n    at Promise._settlePromise0 (http://localhost:39735/__cypress/runner/cypress_runner.js:165453:10)\n    at Promise._settlePromises (http://localhost:39735/__cypress/runner/cypress_runner.js:165528:18)\n    at Async../node_modules/bluebird/js/release/async.js.Async._drainQueue (http://localhost:39735/__cypress/runner/cypress_runner.js:162140:16)\n    at Async../node_modules/bluebird/js/release/async.js.Async._drainQueues (http://localhost:39735/__cypress/runner/cypress_runner.js:162150:10)\n    at Async.drainQueues (http://localhost:39735/__cypress/runner/cypress_runner.js:162024:14)",
                "diff": null
              },
              "uuid": "20fe681b-aa1d-4b79-acde-63e7f5df2dbe",
              "parentUUID": "03e5236c-7bf9-4a0b-b807-385e26d35218",
              "isHook": false,
              "skipped": false
            }
          ],
          "suites": [],
          "passes": [],
          "failures": [
            "428f2743-75fd-4adc-a8bf-8c90e758ca50",
            "a088c68b-8397-45c1-bf8d-7b08dac212c4",
            "f49155df-140b-4d83-ad9a-cf224934ccee",
            "13ecca94-3b02-4cc0-ad67-a5f18dc114d5",
            "30e624a5-ebd7-468f-a1fa-9487dbe1d79b",
            "bfb8ab5f-4a8c-40c3-9391-4108fc079d9d",
            "0cb3854f-c0d1-45c4-aeab-97a27b6775f5",
            "48ca31f1-3564-4abc-80e6-7e1e4917183d",
            "20fe681b-aa1d-4b79-acde-63e7f5df2dbe"
          ],
          "pending": [],
          "skipped": [],
          "duration": 52357,
          "root": false,
          "rootEmpty": false,
          "_timeout": 2000
        },
        {
          "uuid": "365da3b1-398c-4d83-a6ad-ad079f18bcac",
          "title": "11 - Limite o tamanho mínimo e máximo do board.",
          "fullFile": "",
          "file": "",
          "beforeHooks": [],
          "afterHooks": [],
          "tests": [
            {
              "title": "Verifica se a altura máxima do board é 50",
              "fullTitle": "11 - Limite o tamanho mínimo e máximo do board. Verifica se a altura máxima do board é 50",
              "timedOut": null,
              "duration": 6398,
              "state": "failed",
              "speed": null,
              "pass": false,
              "fail": true,
              "pending": false,
              "context": null,
              "code": "cy.get('#board-size').clear().type(50);\ncy.get('#generate-board').click();\ncy.get('.pixel').should('have.length', 2500);",
              "err": {
                "message": "CypressError: Timed out retrying: Expected to find element: '#board-size', but never found it.",
                "estack": "CypressError: Timed out retrying: Expected to find element: '#board-size', but never found it.\n    at cypressErr (http://localhost:39735/__cypress/runner/cypress_runner.js:149934:9)\n    at throwErr (http://localhost:39735/__cypress/runner/cypress_runner.js:149867:11)\n    at Object.throwErrByPath (http://localhost:39735/__cypress/runner/cypress_runner.js:149915:3)\n    at retry (http://localhost:39735/__cypress/runner/cypress_runner.js:144197:19)\n    at onFailFn (http://localhost:39735/__cypress/runner/cypress_runner.js:132448:16)\n    at tryCatcher (http://localhost:39735/__cypress/runner/cypress_runner.js:167415:23)\n    at Promise._settlePromiseFromHandler (http://localhost:39735/__cypress/runner/cypress_runner.js:165351:31)\n    at Promise._settlePromise (http://localhost:39735/__cypress/runner/cypress_runner.js:165408:18)\n    at Promise._settlePromise0 (http://localhost:39735/__cypress/runner/cypress_runner.js:165453:10)\n    at Promise._settlePromises (http://localhost:39735/__cypress/runner/cypress_runner.js:165528:18)\n    at Async../node_modules/bluebird/js/release/async.js.Async._drainQueue (http://localhost:39735/__cypress/runner/cypress_runner.js:162140:16)\n    at Async../node_modules/bluebird/js/release/async.js.Async._drainQueues (http://localhost:39735/__cypress/runner/cypress_runner.js:162150:10)\n    at Async.drainQueues (http://localhost:39735/__cypress/runner/cypress_runner.js:162024:14)",
                "diff": null
              },
              "uuid": "f238c91a-79bf-49c2-9ece-42fb0ec011e8",
              "parentUUID": "365da3b1-398c-4d83-a6ad-ad079f18bcac",
              "isHook": false,
              "skipped": false
            },
            {
              "title": "Verifica se a altura do board é 5 quando um valor menor é colocado no input",
              "fullTitle": "11 - Limite o tamanho mínimo e máximo do board. Verifica se a altura do board é 5 quando um valor menor é colocado no input",
              "timedOut": null,
              "duration": 6088,
              "state": "failed",
              "speed": null,
              "pass": false,
              "fail": true,
              "pending": false,
              "context": null,
              "code": "cy.get('#board-size').clear().type(4);\ncy.get('#generate-board').click();\ncy.get('.pixel').should('have.length', 25);",
              "err": {
                "message": "CypressError: Timed out retrying: Expected to find element: '#board-size', but never found it.",
                "estack": "CypressError: Timed out retrying: Expected to find element: '#board-size', but never found it.\n    at cypressErr (http://localhost:39735/__cypress/runner/cypress_runner.js:149934:9)\n    at throwErr (http://localhost:39735/__cypress/runner/cypress_runner.js:149867:11)\n    at Object.throwErrByPath (http://localhost:39735/__cypress/runner/cypress_runner.js:149915:3)\n    at retry (http://localhost:39735/__cypress/runner/cypress_runner.js:144197:19)\n    at onFailFn (http://localhost:39735/__cypress/runner/cypress_runner.js:132448:16)\n    at tryCatcher (http://localhost:39735/__cypress/runner/cypress_runner.js:167415:23)\n    at Promise._settlePromiseFromHandler (http://localhost:39735/__cypress/runner/cypress_runner.js:165351:31)\n    at Promise._settlePromise (http://localhost:39735/__cypress/runner/cypress_runner.js:165408:18)\n    at Promise._settlePromise0 (http://localhost:39735/__cypress/runner/cypress_runner.js:165453:10)\n    at Promise._settlePromises (http://localhost:39735/__cypress/runner/cypress_runner.js:165528:18)\n    at Async../node_modules/bluebird/js/release/async.js.Async._drainQueue (http://localhost:39735/__cypress/runner/cypress_runner.js:162140:16)\n    at Async../node_modules/bluebird/js/release/async.js.Async._drainQueues (http://localhost:39735/__cypress/runner/cypress_runner.js:162150:10)\n    at Async.drainQueues (http://localhost:39735/__cypress/runner/cypress_runner.js:162024:14)",
                "diff": null
              },
              "uuid": "0f73c577-b05c-40d8-827e-ac62e94b896d",
              "parentUUID": "365da3b1-398c-4d83-a6ad-ad079f18bcac",
              "isHook": false,
              "skipped": false
            },
            {
              "title": "Verifica se a altura do board é 50 quando um valor maior é colocado no input",
              "fullTitle": "11 - Limite o tamanho mínimo e máximo do board. Verifica se a altura do board é 50 quando um valor maior é colocado no input",
              "timedOut": null,
              "duration": 5853,
              "state": "failed",
              "speed": null,
              "pass": false,
              "fail": true,
              "pending": false,
              "context": null,
              "code": "cy.get('#board-size').clear().type(51);\ncy.get('#generate-board').click();\ncy.get('.pixel').should('have.length', 2500);",
              "err": {
                "message": "CypressError: Timed out retrying: Expected to find element: '#board-size', but never found it.",
                "estack": "CypressError: Timed out retrying: Expected to find element: '#board-size', but never found it.\n    at cypressErr (http://localhost:39735/__cypress/runner/cypress_runner.js:149934:9)\n    at throwErr (http://localhost:39735/__cypress/runner/cypress_runner.js:149867:11)\n    at Object.throwErrByPath (http://localhost:39735/__cypress/runner/cypress_runner.js:149915:3)\n    at retry (http://localhost:39735/__cypress/runner/cypress_runner.js:144197:19)\n    at onFailFn (http://localhost:39735/__cypress/runner/cypress_runner.js:132448:16)\n    at tryCatcher (http://localhost:39735/__cypress/runner/cypress_runner.js:167415:23)\n    at Promise._settlePromiseFromHandler (http://localhost:39735/__cypress/runner/cypress_runner.js:165351:31)\n    at Promise._settlePromise (http://localhost:39735/__cypress/runner/cypress_runner.js:165408:18)\n    at Promise._settlePromise0 (http://localhost:39735/__cypress/runner/cypress_runner.js:165453:10)\n    at Promise._settlePromises (http://localhost:39735/__cypress/runner/cypress_runner.js:165528:18)\n    at Async../node_modules/bluebird/js/release/async.js.Async._drainQueue (http://localhost:39735/__cypress/runner/cypress_runner.js:162140:16)\n    at Async../node_modules/bluebird/js/release/async.js.Async._drainQueues (http://localhost:39735/__cypress/runner/cypress_runner.js:162150:10)\n    at Async.drainQueues (http://localhost:39735/__cypress/runner/cypress_runner.js:162024:14)",
                "diff": null
              },
              "uuid": "573227f2-13ad-4b73-9ed0-5e700d9f30a8",
              "parentUUID": "365da3b1-398c-4d83-a6ad-ad079f18bcac",
              "isHook": false,
              "skipped": false
            }
          ],
          "suites": [],
          "passes": [],
          "failures": [
            "f238c91a-79bf-49c2-9ece-42fb0ec011e8",
            "0f73c577-b05c-40d8-827e-ac62e94b896d",
            "573227f2-13ad-4b73-9ed0-5e700d9f30a8"
          ],
          "pending": [],
          "skipped": [],
          "duration": 18339,
          "root": false,
          "rootEmpty": false,
          "_timeout": 2000
        },
        {
          "uuid": "66b8f6cb-c6a3-4d45-9954-b6a24d95c7e7",
          "title": "12 - Faça com que as cores da paleta sejam geradas aleatoriamente ao carregar a página.",
          "fullFile": "",
          "file": "",
          "beforeHooks": [],
          "afterHooks": [],
          "tests": [
            {
              "title": "Verifica se as cores geradas na paleta são diferentes a cada carregamento da página",
              "fullTitle": "12 - Faça com que as cores da paleta sejam geradas aleatoriamente ao carregar a página. Verifica se as cores geradas na paleta são diferentes a cada carregamento da página",
              "timedOut": null,
              "duration": 2313,
              "state": "failed",
              "speed": null,
              "pass": false,
              "fail": true,
              "pending": false,
              "context": null,
              "code": "cy.get('.color').then(function (colors) {\n  var currentColors;\n  var previousColors;\n  previousColors = Array.from(colors).map(function (color) {\n    return Cypress.$(color).css('background-color');\n  });\n  for (var i = 0; i < 5; i += 1) {\n    cy.reload();\n    cy.get('.color').then(function (colors) {\n      currentColors = Array.from(colors).map(function (color) {\n        return Cypress.$(color).css('background-color');\n      });\n      expect(currentColors).not.to.deep.equal(previousColors);\n      previousColors = currentColors;\n    });\n  }\n});",
              "err": {
                "message": "AssertionError: expected [ Array(4) ] to not deeply equal [ Array(4) ]",
                "estack": "AssertionError: expected [ Array(4) ] to not deeply equal [ Array(4) ]\n    at getRet (http://localhost:39735/__cypress/runner/cypress_runner.js:136585:16)\n    at tryCatcher (http://localhost:39735/__cypress/runner/cypress_runner.js:167415:23)\n    at Function.Promise.attempt.Promise.try (http://localhost:39735/__cypress/runner/cypress_runner.js:164690:29)\n    at Context.thenFn (http://localhost:39735/__cypress/runner/cypress_runner.js:136599:23)\n    at Context.then (http://localhost:39735/__cypress/runner/cypress_runner.js:136971:21)\n    at Context.<anonymous> (http://localhost:39735/__cypress/runner/cypress_runner.js:148875:21)\n    at http://localhost:39735/__cypress/runner/cypress_runner.js:148351:33\n    at tryCatcher (http://localhost:39735/__cypress/runner/cypress_runner.js:167415:23)\n    at Promise._settlePromiseFromHandler (http://localhost:39735/__cypress/runner/cypress_runner.js:165351:31)\n    at Promise._settlePromise (http://localhost:39735/__cypress/runner/cypress_runner.js:165408:18)\n    at Promise._settlePromiseCtx (http://localhost:39735/__cypress/runner/cypress_runner.js:165445:10)\n    at Async../node_modules/bluebird/js/release/async.js.Async._drainQueue (http://localhost:39735/__cypress/runner/cypress_runner.js:162145:12)\n    at Async../node_modules/bluebird/js/release/async.js.Async._drainQueues (http://localhost:39735/__cypress/runner/cypress_runner.js:162150:10)\n    at Async.drainQueues (http://localhost:39735/__cypress/runner/cypress_runner.js:162024:14)",
                "diff": ""
              },
              "uuid": "a2540fdf-739d-4ac0-9fb8-8102ffb0f9b2",
              "parentUUID": "66b8f6cb-c6a3-4d45-9954-b6a24d95c7e7",
              "isHook": false,
              "skipped": false
            },
            {
              "title": "Verifica se a cor preta ainda está presente e é a primeira na sua paleta de cores",
              "fullTitle": "12 - Faça com que as cores da paleta sejam geradas aleatoriamente ao carregar a página. Verifica se a cor preta ainda está presente e é a primeira na sua paleta de cores",
              "timedOut": null,
              "duration": 2710,
              "state": "failed",
              "speed": null,
              "pass": false,
              "fail": true,
              "pending": false,
              "context": null,
              "code": "cy.get('.color').then(function (colors) {\n  var currentColors;\n  var previousColors;\n  previousColors = Array.from(colors).map(function (color) {\n    return Cypress.$(color).css('background-color');\n  });\n  expect(previousColors[0]).to.eq(BLACK);\n  for (var i = 0; i < 5; i += 1) {\n    cy.reload();\n    cy.get('.color').then(function (colors) {\n      currentColors = Array.from(colors).map(function (color) {\n        return Cypress.$(color).css('background-color');\n      });\n      expect(currentColors[0]).to.eq(BLACK);\n      expect(currentColors).not.to.deep.equal(previousColors);\n      previousColors = currentColors;\n    });\n  }\n});",
              "err": {
                "message": "AssertionError: expected [ Array(4) ] to not deeply equal [ Array(4) ]",
                "estack": "AssertionError: expected [ Array(4) ] to not deeply equal [ Array(4) ]\n    at getRet (http://localhost:39735/__cypress/runner/cypress_runner.js:136585:16)\n    at tryCatcher (http://localhost:39735/__cypress/runner/cypress_runner.js:167415:23)\n    at Function.Promise.attempt.Promise.try (http://localhost:39735/__cypress/runner/cypress_runner.js:164690:29)\n    at Context.thenFn (http://localhost:39735/__cypress/runner/cypress_runner.js:136599:23)\n    at Context.then (http://localhost:39735/__cypress/runner/cypress_runner.js:136971:21)\n    at Context.<anonymous> (http://localhost:39735/__cypress/runner/cypress_runner.js:148875:21)\n    at http://localhost:39735/__cypress/runner/cypress_runner.js:148351:33\n    at tryCatcher (http://localhost:39735/__cypress/runner/cypress_runner.js:167415:23)\n    at Promise._settlePromiseFromHandler (http://localhost:39735/__cypress/runner/cypress_runner.js:165351:31)\n    at Promise._settlePromise (http://localhost:39735/__cypress/runner/cypress_runner.js:165408:18)\n    at Promise._settlePromiseCtx (http://localhost:39735/__cypress/runner/cypress_runner.js:165445:10)\n    at Async../node_modules/bluebird/js/release/async.js.Async._drainQueue (http://localhost:39735/__cypress/runner/cypress_runner.js:162145:12)\n    at Async../node_modules/bluebird/js/release/async.js.Async._drainQueues (http://localhost:39735/__cypress/runner/cypress_runner.js:162150:10)\n    at Async.drainQueues (http://localhost:39735/__cypress/runner/cypress_runner.js:162024:14)",
                "diff": ""
              },
              "uuid": "3bab9394-78b6-4ab7-9b67-b0ecc41375ac",
              "parentUUID": "66b8f6cb-c6a3-4d45-9954-b6a24d95c7e7",
              "isHook": false,
              "skipped": false
            }
          ],
          "suites": [],
          "passes": [],
          "failures": [
            "a2540fdf-739d-4ac0-9fb8-8102ffb0f9b2",
            "3bab9394-78b6-4ab7-9b67-b0ecc41375ac"
          ],
          "pending": [],
          "skipped": [],
          "duration": 5023,
          "root": false,
          "rootEmpty": false,
          "_timeout": 2000
        }
      ],
      "passes": [],
      "failures": [],
      "pending": [],
      "skipped": [],
      "duration": 0,
      "root": true,
      "rootEmpty": true,
      "_timeout": 2000
    }
  ],
  "meta": {
    "mocha": {
      "version": "7.0.1"
    },
    "mochawesome": {
      "options": {
        "quiet": false,
        "reportFilename": "mochawesome",
        "saveHtml": false,
        "saveJson": true,
        "consoleReporter": "spec",
        "useInlineDiffs": false
      },
      "version": "4.1.0"
    },
    "marge": {
      "options": {
        "id": "default",
        "reportDir": "cypress/reports",
        "overwrite": true,
        "html": false,
        "json": true
      },
      "version": "4.1.0"
    }
  }
}